[debug] [2026-05-11T22:12:25.516Z] ----------------------------------------------------------------------
[debug] [2026-05-11T22:12:25.521Z] Command:       C:\Program Files\nodejs\node.exe C:\Users\matth\AppData\Roaming\npm\node_modules\firebase-tools\lib\bin\firebase.js deploy --only hosting,firestore:indexes
[debug] [2026-05-11T22:12:25.522Z] CLI Version:   15.11.0
[debug] [2026-05-11T22:12:25.522Z] Platform:      win32
[debug] [2026-05-11T22:12:25.522Z] Node Version:  v24.14.0
[debug] [2026-05-11T22:12:25.523Z] Time:          Mon May 11 2026 17:12:25 GMT-0500 (Central Daylight Time)
[debug] [2026-05-11T22:12:25.523Z] ----------------------------------------------------------------------
[debug] 
[error] 
[error] Error: Not in a Firebase app directory (could not locate firebase.json)
[debug] [2026-05-11T22:12:27.792Z] Error: EBUSY: resource busy or locked, unlink 'C:\Users\matth\OneDrive\Antigravity\firebase-debug.log'
    at Object.unlinkSync (node:fs:1931:11)
    at process.<anonymous> (C:\Users\matth\AppData\Roaming\npm\node_modules\firebase-tools\lib\bin\cli.js:44:16)
    at process.emit (node:events:520:35)
    at process.exit (node:internal/process/per_thread:236:15)
    at Timeout._onTimeout (C:\Users\matth\AppData\Roaming\npm\node_modules\firebase-tools\lib\errorOut.js:20:17)
    at listOnTimeout (node:internal/timers:605:17)
    at process.processTimers (node:internal/timers:541:7)
[error] 
[error] Error: An unexpected error has occurred.
